Arguments: 
  C:\Program Files\nodejs\node.exe C:\Program Files (x86)\Yarn\bin\yarn.js add vuepress-plugin-comments

PATH: 
  C:\Windows\system32;C:\Windows;C:\Windows\System32\Wbem;C:\Windows\System32\WindowsPowerShell\v1.0\;C:\Windows\System32\OpenSSH\;C:\Program Files (x86)\Yarn\bin\;C:\Program Files\nodejs\;C:\Program Files\Git\cmd;C:\Program Files\MongoDB\Server\4.4\bin\mongo.exe;C:\Users\Administrator\AppData\Local\Programs\Python\Python37\Scripts\;C:\Users\Administrator\AppData\Local\Programs\Python\Python37\;C:\Users\Administrator\scoop\shims;C:\Users\Administrator\AppData\Local\Microsoft\WindowsApps;C:\Users\Administrator\AppData\Local\Programs\Microsoft VS Code\bin;C:\Users\Administrator\AppData\Local\Yarn\bin;C:\Users\Administrator\AppData\Roaming\npm;C:\Program Files\MongoDB\Server\4.4;

Yarn version: 
  1.22.5

Node version: 
  14.15.0

Platform: 
  win32 x64

Trace: 
  Error: https://registry.yarnpkg.com/vuepress-plugin-comments: Not found
      at Request.params.callback [as _callback] (C:\Program Files (x86)\Yarn\lib\cli.js:66097:18)
      at Request.self.callback (C:\Program Files (x86)\Yarn\lib\cli.js:140749:22)
      at Request.emit (events.js:315:20)
      at Request.<anonymous> (C:\Program Files (x86)\Yarn\lib\cli.js:141721:10)
      at Request.emit (events.js:315:20)
      at IncomingMessage.<anonymous> (C:\Program Files (x86)\Yarn\lib\cli.js:141643:12)
      at Object.onceWrapper (events.js:421:28)
      at IncomingMessage.emit (events.js:327:22)
      at endReadableNT (_stream_readable.js:1327:12)
      at processTicksAndRejections (internal/process/task_queues.js:80:21)

npm manifest: 
  {
    "name": "vuepress-theme-yj",
    "version": "1.0.0",
    "description": "",
    "main": "index.js",
    "scripts": {
      "test": "echo \"Error: no test specified\" && exit 1"
    },
    "author": "",
    "license": "ISC",
    "dependencies": {
      "@vue/composition-api": "^1.0.0-beta.22",
      "@vuepress-reco/core": "^1.6.0",
      "lodash": "^4.17.20"
    }
  }

yarn manifest: 
  No manifest

Lockfile: 
  # THIS IS AN AUTOGENERATED FILE. DO NOT EDIT THIS FILE DIRECTLY.
  # yarn lockfile v1
  
  
  "@vue/composition-api@^1.0.0-beta.20":
    version "1.0.0-beta.23"
    resolved "https://registry.yarnpkg.com/@vue/composition-api/-/composition-api-1.0.0-beta.23.tgz#9e4418a765f0bd2d8791e5f33ee538da8d3d8c23"
    integrity sha512-I4BTTcgbSc33vL5i84c0FQHZ9ICNKQQuOJcamr1q1qfIZs7vnhWEdsbgOunkloE2MNsnNKZuUoRszGC14jbALA==
    dependencies:
      tslib "^2.0.3"
  
  "@vue/composition-api@^1.0.0-beta.22":
    version "1.0.0-beta.22"
    resolved "https://registry.npmjs.org/@vue/composition-api/-/composition-api-1.0.0-beta.22.tgz#8b0046bda138820c6d79c91dc961839a52d853c7"
    integrity sha512-KkTeHVWgsJbtoA5t6pUien/ARw7JhVM7QZh05ko/UdgzALYMGwJsBf4WlcvbpMKE5eAu4ONYJypQ+r8LwBIOhA==
    dependencies:
      tslib "^2.0.1"
  
  "@vuepress-reco/core@^1.6.0":
    version "1.6.0"
    resolved "https://registry.yarnpkg.com/@vuepress-reco/core/-/core-1.6.0.tgz#32595232ed42725c348563c340fa37ab646baa83"
    integrity sha512-rNNgwMaUV08NhZa21/cmWpYTWL4gM4DTVWMUH8/lk/UxLOtXxW53k6bDZ4wA1Fb5FncDoLDbGnBqX/FIjj4C9A==
    dependencies:
      "@vue/composition-api" "^1.0.0-beta.20"
      vue "^2.6.12"
      vue-property-decorator "^9.1.2"
  
  lodash@^4.17.20:
    version "4.17.20"
    resolved "https://registry.yarnpkg.com/lodash/-/lodash-4.17.20.tgz#b44a9b6297bcb698f1c51a3545a2b3b368d59c52"
    integrity sha512-PlhdFcillOINfeV7Ni6oF1TAEayyZBoZ8bcshTHqOYJYlrqzRK5hagpagky5o4HfCzzd1TRkXPMFq6cKk9rGmA==
  
  tslib@^2.0.1:
    version "2.0.3"
    resolved "https://registry.npmjs.org/tslib/-/tslib-2.0.3.tgz#8e0741ac45fc0c226e58a17bfc3e64b9bc6ca61c"
    integrity sha512-uZtkfKblCEQtZKBF6EBXVZeQNl82yqtDQdv+eck8u7tdPxjLu2/lp5/uPW+um2tpuxINHWy3GhiccY7QgEaVHQ==
  
  tslib@^2.0.3:
    version "2.1.0"
    resolved "https://registry.yarnpkg.com/tslib/-/tslib-2.1.0.tgz#da60860f1c2ecaa5703ab7d39bc05b6bf988b97a"
    integrity sha512-hcVC3wYEziELGGmEEXue7D75zbwIIVUMWAVbHItGPx0ziyXxrOMQx4rQEVEV45Ut/1IotuEvwqPopzIOkDMf0A==
  
  vue-property-decorator@^9.1.2:
    version "9.1.2"
    resolved "https://registry.yarnpkg.com/vue-property-decorator/-/vue-property-decorator-9.1.2.tgz#266a2eac61ba6527e2e68a6933cfb98fddab5457"
    integrity sha512-xYA8MkZynPBGd/w5QFJ2d/NM0z/YeegMqYTphy7NJQXbZcuU6FC6AOdUAcy4SXP+YnkerC6AfH+ldg7PDk9ESQ==
  
  vue@^2.6.12:
    version "2.6.12"
    resolved "https://registry.yarnpkg.com/vue/-/vue-2.6.12.tgz#f5ebd4fa6bd2869403e29a896aed4904456c9123"
    integrity sha512-uhmLFETqPPNyuLLbsKz6ioJ4q7AZHzD8ZVFNATNyICSZouqP2Sz0rotWQC8UNBF6VGSCs5abnKJoStA6JbCbfg==
